2012-01-28 13:07:16 Error: [MissingActionException] Action UsersController::login() could not be found.
#0 /Users/tbt/Sites/perfectsound.local/lib/Cake/Routing/Dispatcher.php(104): Controller->invokeAction(Object(CakeRequest))
#1 /Users/tbt/Sites/perfectsound.local/lib/Cake/Routing/Dispatcher.php(86): Dispatcher->_invoke(Object(UsersController), Object(CakeRequest), Object(CakeResponse))
#2 /Users/tbt/Sites/perfectsound.local/app/webroot/index.php(96): Dispatcher->dispatch(Object(CakeRequest), Object(CakeResponse))
#3 {main}
2012-01-28 13:11:15 Error: [MissingActionException] Action UsersController::login() could not be found.
#0 /Users/tbt/Sites/perfectsound.local/lib/Cake/Routing/Dispatcher.php(104): Controller->invokeAction(Object(CakeRequest))
#1 /Users/tbt/Sites/perfectsound.local/lib/Cake/Routing/Dispatcher.php(86): Dispatcher->_invoke(Object(UsersController), Object(CakeRequest), Object(CakeResponse))
#2 /Users/tbt/Sites/perfectsound.local/app/webroot/index.php(96): Dispatcher->dispatch(Object(CakeRequest), Object(CakeResponse))
#3 {main}
2012-01-30 21:15:04 Error: [MissingControllerException] Controller class AdminController could not be found.
#0 /Users/tbt/Sites/perfectsound.local/app/webroot/index.php(96): Dispatcher->dispatch(Object(CakeRequest), Object(CakeResponse))
#1 {main}
2012-01-30 21:51:56 Error: [PDOException] SQLSTATE[42S22]: Column not found: 1054 Unknown column 'Array' in 'field list'
#0 /Users/tbt/Sites/perfectsound.local/lib/Cake/Model/Datasource/DboSource.php(436): PDOStatement->execute(Array)
#1 /Users/tbt/Sites/perfectsound.local/lib/Cake/Model/Datasource/DboSource.php(403): DboSource->_execute('INSERT INTO `as...', Array)
#2 /Users/tbt/Sites/perfectsound.local/lib/Cake/Model/Datasource/DboSource.php(967): DboSource->execute('INSERT INTO `as...')
#3 /Users/tbt/Sites/perfectsound.local/lib/Cake/Model/Model.php(1646): DboSource->create(Object(AppModel), Array, Array)
#4 /Users/tbt/Sites/perfectsound.local/lib/Cake/Model/Model.php(1955): Model->save(Array, Array)
#5 /Users/tbt/Sites/perfectsound.local/lib/Cake/Model/Model.php(2096): Model->saveMany(Array, Array)
#6 /Users/tbt/Sites/perfectsound.local/lib/Cake/Model/Model.php(1908): Model->saveAssociated(Array, Array)
#7 /Users/tbt/Sites/perfectsound.local/app/Controller/SectionsController.php(43): Model->saveAll(Array)
#8 [internal function]: SectionsController->add()
#9 /Users/tbt/Sites/perfectsound.local/lib/Cake/Controller/Controller.php(473): ReflectionMethod->invokeArgs(Object(SectionsController), Array)
#10 /Users/tbt/Sites/perfectsound.local/lib/Cake/Routing/Dispatcher.php(104): Controller->invokeAction(Object(CakeRequest))
#11 /Users/tbt/Sites/perfectsound.local/lib/Cake/Routing/Dispatcher.php(86): Dispatcher->_invoke(Object(SectionsController), Object(CakeRequest), Object(CakeResponse))
#12 /Users/tbt/Sites/perfectsound.local/app/webroot/index.php(96): Dispatcher->dispatch(Object(CakeRequest), Object(CakeResponse))
#13 {main}
2012-01-30 22:04:07 Error: [PDOException] SQLSTATE[42S22]: Column not found: 1054 Unknown column 'Array' in 'field list'
#0 /Users/tbt/Sites/perfectsound.local/lib/Cake/Model/Datasource/DboSource.php(436): PDOStatement->execute(Array)
#1 /Users/tbt/Sites/perfectsound.local/lib/Cake/Model/Datasource/DboSource.php(403): DboSource->_execute('INSERT INTO `se...', Array)
#2 /Users/tbt/Sites/perfectsound.local/lib/Cake/Model/Datasource/DboSource.php(967): DboSource->execute('INSERT INTO `se...')
#3 /Users/tbt/Sites/perfectsound.local/lib/Cake/Model/Model.php(1646): DboSource->create(Object(Section), Array, Array)
#4 /Users/tbt/Sites/perfectsound.local/lib/Cake/Model/Model.php(2071): Model->save(Array, Array)
#5 /Users/tbt/Sites/perfectsound.local/lib/Cake/Model/Model.php(1908): Model->saveAssociated(Array, Array)
#6 /Users/tbt/Sites/perfectsound.local/app/Controller/SectionsController.php(44): Model->saveAll(Array)
#7 [internal function]: SectionsController->add()
#8 /Users/tbt/Sites/perfectsound.local/lib/Cake/Controller/Controller.php(473): ReflectionMethod->invokeArgs(Object(SectionsController), Array)
#9 /Users/tbt/Sites/perfectsound.local/lib/Cake/Routing/Dispatcher.php(104): Controller->invokeAction(Object(CakeRequest))
#10 /Users/tbt/Sites/perfectsound.local/lib/Cake/Routing/Dispatcher.php(86): Dispatcher->_invoke(Object(SectionsController), Object(CakeRequest), Object(CakeResponse))
#11 /Users/tbt/Sites/perfectsound.local/app/webroot/index.php(96): Dispatcher->dispatch(Object(CakeRequest), Object(CakeResponse))
#12 {main}
2012-01-30 22:09:58 Error: [PDOException] SQLSTATE[42S22]: Column not found: 1054 Unknown column 'Array' in 'field list'
#0 /Users/tbt/Sites/perfectsound.local/lib/Cake/Model/Datasource/DboSource.php(436): PDOStatement->execute(Array)
#1 /Users/tbt/Sites/perfectsound.local/lib/Cake/Model/Datasource/DboSource.php(403): DboSource->_execute('INSERT INTO `se...', Array)
#2 /Users/tbt/Sites/perfectsound.local/lib/Cake/Model/Datasource/DboSource.php(967): DboSource->execute('INSERT INTO `se...')
#3 /Users/tbt/Sites/perfectsound.local/lib/Cake/Model/Model.php(1646): DboSource->create(Object(Section), Array, Array)
#4 /Users/tbt/Sites/perfectsound.local/lib/Cake/Model/Model.php(2071): Model->save(Array, Array)
#5 /Users/tbt/Sites/perfectsound.local/lib/Cake/Model/Model.php(1908): Model->saveAssociated(Array, Array)
#6 /Users/tbt/Sites/perfectsound.local/app/Controller/SectionsController.php(43): Model->saveAll(Array)
#7 [internal function]: SectionsController->add()
#8 /Users/tbt/Sites/perfectsound.local/lib/Cake/Controller/Controller.php(473): ReflectionMethod->invokeArgs(Object(SectionsController), Array)
#9 /Users/tbt/Sites/perfectsound.local/lib/Cake/Routing/Dispatcher.php(104): Controller->invokeAction(Object(CakeRequest))
#10 /Users/tbt/Sites/perfectsound.local/lib/Cake/Routing/Dispatcher.php(86): Dispatcher->_invoke(Object(SectionsController), Object(CakeRequest), Object(CakeResponse))
#11 /Users/tbt/Sites/perfectsound.local/app/webroot/index.php(96): Dispatcher->dispatch(Object(CakeRequest), Object(CakeResponse))
#12 {main}
2012-01-30 22:35:06 Error: [PDOException] SQLSTATE[42000]: Syntax error or access violation: 1064 You have an error in your SQL syntax; check the manual that corresponds to your MySQL server version for the right syntax to use near 'getMainImage' at line 1
#0 /Users/tbt/Sites/perfectsound.local/lib/Cake/Model/Datasource/DboSource.php(436): PDOStatement->execute(Array)
#1 /Users/tbt/Sites/perfectsound.local/lib/Cake/Model/Datasource/DboSource.php(403): DboSource->_execute('getMainImage', Array)
#2 /Users/tbt/Sites/perfectsound.local/lib/Cake/Model/Datasource/DboSource.php(647): DboSource->execute('getMainImage', Array, Array)
#3 /Users/tbt/Sites/perfectsound.local/lib/Cake/Model/Datasource/DboSource.php(589): DboSource->fetchAll('getMainImage', Array, Array)
#4 /Users/tbt/Sites/perfectsound.local/lib/Cake/Model/Model.php(720): DboSource->query('getMainImage', Array, Object(Section))
#5 /Users/tbt/Sites/perfectsound.local/app/Controller/SectionsController.php(36): Model->__call('getMainImage', Array)
#6 /Users/tbt/Sites/perfectsound.local/app/Controller/SectionsController.php(36): Section->getMainImage('2')
#7 [internal function]: SectionsController->view('2')
#8 /Users/tbt/Sites/perfectsound.local/lib/Cake/Controller/Controller.php(473): ReflectionMethod->invokeArgs(Object(SectionsController), Array)
#9 /Users/tbt/Sites/perfectsound.local/lib/Cake/Routing/Dispatcher.php(104): Controller->invokeAction(Object(CakeRequest))
#10 /Users/tbt/Sites/perfectsound.local/lib/Cake/Routing/Dispatcher.php(86): Dispatcher->_invoke(Object(SectionsController), Object(CakeRequest), Object(CakeResponse))
#11 /Users/tbt/Sites/perfectsound.local/app/webroot/index.php(96): Dispatcher->dispatch(Object(CakeRequest), Object(CakeResponse))
#12 {main}
2012-01-30 22:35:27 Error: [PDOException] SQLSTATE[42000]: Syntax error or access violation: 1064 You have an error in your SQL syntax; check the manual that corresponds to your MySQL server version for the right syntax to use near 'getMainImage' at line 1
#0 /Users/tbt/Sites/perfectsound.local/lib/Cake/Model/Datasource/DboSource.php(436): PDOStatement->execute(Array)
#1 /Users/tbt/Sites/perfectsound.local/lib/Cake/Model/Datasource/DboSource.php(403): DboSource->_execute('getMainImage', Array)
#2 /Users/tbt/Sites/perfectsound.local/lib/Cake/Model/Datasource/DboSource.php(647): DboSource->execute('getMainImage', Array, Array)
#3 /Users/tbt/Sites/perfectsound.local/lib/Cake/Model/Datasource/DboSource.php(589): DboSource->fetchAll('getMainImage', Array, Array)
#4 /Users/tbt/Sites/perfectsound.local/lib/Cake/Model/Model.php(720): DboSource->query('getMainImage', Array, Object(Section))
#5 /Users/tbt/Sites/perfectsound.local/app/Controller/SectionsController.php(36): Model->__call('getMainImage', Array)
#6 /Users/tbt/Sites/perfectsound.local/app/Controller/SectionsController.php(36): Section->getMainImage('2')
#7 [internal function]: SectionsController->view('2')
#8 /Users/tbt/Sites/perfectsound.local/lib/Cake/Controller/Controller.php(473): ReflectionMethod->invokeArgs(Object(SectionsController), Array)
#9 /Users/tbt/Sites/perfectsound.local/lib/Cake/Routing/Dispatcher.php(104): Controller->invokeAction(Object(CakeRequest))
#10 /Users/tbt/Sites/perfectsound.local/lib/Cake/Routing/Dispatcher.php(86): Dispatcher->_invoke(Object(SectionsController), Object(CakeRequest), Object(CakeResponse))
#11 /Users/tbt/Sites/perfectsound.local/app/webroot/index.php(96): Dispatcher->dispatch(Object(CakeRequest), Object(CakeResponse))
#12 {main}
2012-01-30 22:35:30 Error: [PDOException] SQLSTATE[42000]: Syntax error or access violation: 1064 You have an error in your SQL syntax; check the manual that corresponds to your MySQL server version for the right syntax to use near 'getMainImage' at line 1
#0 /Users/tbt/Sites/perfectsound.local/lib/Cake/Model/Datasource/DboSource.php(436): PDOStatement->execute(Array)
#1 /Users/tbt/Sites/perfectsound.local/lib/Cake/Model/Datasource/DboSource.php(403): DboSource->_execute('getMainImage', Array)
#2 /Users/tbt/Sites/perfectsound.local/lib/Cake/Model/Datasource/DboSource.php(647): DboSource->execute('getMainImage', Array, Array)
#3 /Users/tbt/Sites/perfectsound.local/lib/Cake/Model/Datasource/DboSource.php(589): DboSource->fetchAll('getMainImage', Array, Array)
#4 /Users/tbt/Sites/perfectsound.local/lib/Cake/Model/Model.php(720): DboSource->query('getMainImage', Array, Object(Section))
#5 /Users/tbt/Sites/perfectsound.local/app/Controller/SectionsController.php(36): Model->__call('getMainImage', Array)
#6 /Users/tbt/Sites/perfectsound.local/app/Controller/SectionsController.php(36): Section->getMainImage('2')
#7 [internal function]: SectionsController->view('2')
#8 /Users/tbt/Sites/perfectsound.local/lib/Cake/Controller/Controller.php(473): ReflectionMethod->invokeArgs(Object(SectionsController), Array)
#9 /Users/tbt/Sites/perfectsound.local/lib/Cake/Routing/Dispatcher.php(104): Controller->invokeAction(Object(CakeRequest))
#10 /Users/tbt/Sites/perfectsound.local/lib/Cake/Routing/Dispatcher.php(86): Dispatcher->_invoke(Object(SectionsController), Object(CakeRequest), Object(CakeResponse))
#11 /Users/tbt/Sites/perfectsound.local/app/webroot/index.php(96): Dispatcher->dispatch(Object(CakeRequest), Object(CakeResponse))
#12 {main}
2012-01-30 22:39:08 Error: [MissingTableException] Database table section_images for model SectionImage was not found.
#0 /Users/tbt/Sites/perfectsound.local/lib/Cake/Model/Model.php(3258): Model->setSource('section_images')
#1 /Users/tbt/Sites/perfectsound.local/lib/Cake/Model/Datasource/DboSource.php(1026): Model->getDataSource()
#2 /Users/tbt/Sites/perfectsound.local/lib/Cake/Model/Model.php(2483): DboSource->read(Object(Section), Array)
#3 /Users/tbt/Sites/perfectsound.local/app/Controller/SectionsController.php(35): Model->find('first', Array)
#4 [internal function]: SectionsController->view('2')
#5 /Users/tbt/Sites/perfectsound.local/lib/Cake/Controller/Controller.php(473): ReflectionMethod->invokeArgs(Object(SectionsController), Array)
#6 /Users/tbt/Sites/perfectsound.local/lib/Cake/Routing/Dispatcher.php(104): Controller->invokeAction(Object(CakeRequest))
#7 /Users/tbt/Sites/perfectsound.local/lib/Cake/Routing/Dispatcher.php(86): Dispatcher->_invoke(Object(SectionsController), Object(CakeRequest), Object(CakeResponse))
#8 /Users/tbt/Sites/perfectsound.local/app/webroot/index.php(96): Dispatcher->dispatch(Object(CakeRequest), Object(CakeResponse))
#9 {main}
2012-01-30 22:47:32 Error: [MissingTableException] Database table mainimages for model Mainimages was not found.
#0 /Users/tbt/Sites/perfectsound.local/lib/Cake/Model/Model.php(3258): Model->setSource('mainimages')
#1 /Users/tbt/Sites/perfectsound.local/lib/Cake/Model/Datasource/DboSource.php(1026): Model->getDataSource()
#2 /Users/tbt/Sites/perfectsound.local/lib/Cake/Model/Model.php(2483): DboSource->read(Object(Section), Array)
#3 /Users/tbt/Sites/perfectsound.local/app/Controller/SectionsController.php(35): Model->find('first', Array)
#4 [internal function]: SectionsController->view('3')
#5 /Users/tbt/Sites/perfectsound.local/lib/Cake/Controller/Controller.php(473): ReflectionMethod->invokeArgs(Object(SectionsController), Array)
#6 /Users/tbt/Sites/perfectsound.local/lib/Cake/Routing/Dispatcher.php(104): Controller->invokeAction(Object(CakeRequest))
#7 /Users/tbt/Sites/perfectsound.local/lib/Cake/Routing/Dispatcher.php(86): Dispatcher->_invoke(Object(SectionsController), Object(CakeRequest), Object(CakeResponse))
#8 /Users/tbt/Sites/perfectsound.local/app/webroot/index.php(96): Dispatcher->dispatch(Object(CakeRequest), Object(CakeResponse))
#9 {main}
2012-01-30 22:49:39 Error: [MissingTableException] Database table mainimages for model Mainimages was not found.
#0 /Users/tbt/Sites/perfectsound.local/lib/Cake/Model/Model.php(3258): Model->setSource('mainimages')
#1 /Users/tbt/Sites/perfectsound.local/lib/Cake/Model/Datasource/DboSource.php(1026): Model->getDataSource()
#2 /Users/tbt/Sites/perfectsound.local/lib/Cake/Model/Model.php(2483): DboSource->read(Object(Section), Array)
#3 /Users/tbt/Sites/perfectsound.local/app/Controller/SectionsController.php(35): Model->find('first', Array)
#4 [internal function]: SectionsController->view('3')
#5 /Users/tbt/Sites/perfectsound.local/lib/Cake/Controller/Controller.php(473): ReflectionMethod->invokeArgs(Object(SectionsController), Array)
#6 /Users/tbt/Sites/perfectsound.local/lib/Cake/Routing/Dispatcher.php(104): Controller->invokeAction(Object(CakeRequest))
#7 /Users/tbt/Sites/perfectsound.local/lib/Cake/Routing/Dispatcher.php(86): Dispatcher->_invoke(Object(SectionsController), Object(CakeRequest), Object(CakeResponse))
#8 /Users/tbt/Sites/perfectsound.local/app/webroot/index.php(96): Dispatcher->dispatch(Object(CakeRequest), Object(CakeResponse))
#9 {main}
2012-01-30 22:55:52 Error: [MissingTableException] Database table mainimages for model mainimages was not found.
#0 /Users/tbt/Sites/perfectsound.local/lib/Cake/Model/Model.php(3258): Model->setSource('mainimages')
#1 /Users/tbt/Sites/perfectsound.local/lib/Cake/Model/Datasource/DboSource.php(1026): Model->getDataSource()
#2 /Users/tbt/Sites/perfectsound.local/lib/Cake/Model/Model.php(2483): DboSource->read(Object(Section), Array)
#3 /Users/tbt/Sites/perfectsound.local/app/Controller/SectionsController.php(35): Model->find('first', Array)
#4 [internal function]: SectionsController->view('3')
#5 /Users/tbt/Sites/perfectsound.local/lib/Cake/Controller/Controller.php(473): ReflectionMethod->invokeArgs(Object(SectionsController), Array)
#6 /Users/tbt/Sites/perfectsound.local/lib/Cake/Routing/Dispatcher.php(104): Controller->invokeAction(Object(CakeRequest))
#7 /Users/tbt/Sites/perfectsound.local/lib/Cake/Routing/Dispatcher.php(86): Dispatcher->_invoke(Object(SectionsController), Object(CakeRequest), Object(CakeResponse))
#8 /Users/tbt/Sites/perfectsound.local/app/webroot/index.php(96): Dispatcher->dispatch(Object(CakeRequest), Object(CakeResponse))
#9 {main}
2012-01-30 22:58:46 Error: [MissingTableException] Database table main_images for model MainImages was not found.
#0 /Users/tbt/Sites/perfectsound.local/lib/Cake/Model/Model.php(3258): Model->setSource('main_images')
#1 /Users/tbt/Sites/perfectsound.local/lib/Cake/Model/Datasource/DboSource.php(1026): Model->getDataSource()
#2 /Users/tbt/Sites/perfectsound.local/lib/Cake/Model/Model.php(2483): DboSource->read(Object(Section), Array)
#3 /Users/tbt/Sites/perfectsound.local/app/Controller/SectionsController.php(35): Model->find('first', Array)
#4 [internal function]: SectionsController->view('3')
#5 /Users/tbt/Sites/perfectsound.local/lib/Cake/Controller/Controller.php(473): ReflectionMethod->invokeArgs(Object(SectionsController), Array)
#6 /Users/tbt/Sites/perfectsound.local/lib/Cake/Routing/Dispatcher.php(104): Controller->invokeAction(Object(CakeRequest))
#7 /Users/tbt/Sites/perfectsound.local/lib/Cake/Routing/Dispatcher.php(86): Dispatcher->_invoke(Object(SectionsController), Object(CakeRequest), Object(CakeResponse))
#8 /Users/tbt/Sites/perfectsound.local/app/webroot/index.php(96): Dispatcher->dispatch(Object(CakeRequest), Object(CakeResponse))
#9 {main}
2012-01-30 22:59:05 Error: [MissingTableException] Database table mains for model Mains was not found.
#0 /Users/tbt/Sites/perfectsound.local/lib/Cake/Model/Model.php(3258): Model->setSource('mains')
#1 /Users/tbt/Sites/perfectsound.local/lib/Cake/Model/Datasource/DboSource.php(1026): Model->getDataSource()
#2 /Users/tbt/Sites/perfectsound.local/lib/Cake/Model/Model.php(2483): DboSource->read(Object(Section), Array)
#3 /Users/tbt/Sites/perfectsound.local/app/Controller/SectionsController.php(35): Model->find('first', Array)
#4 [internal function]: SectionsController->view('3')
#5 /Users/tbt/Sites/perfectsound.local/lib/Cake/Controller/Controller.php(473): ReflectionMethod->invokeArgs(Object(SectionsController), Array)
#6 /Users/tbt/Sites/perfectsound.local/lib/Cake/Routing/Dispatcher.php(104): Controller->invokeAction(Object(CakeRequest))
#7 /Users/tbt/Sites/perfectsound.local/lib/Cake/Routing/Dispatcher.php(86): Dispatcher->_invoke(Object(SectionsController), Object(CakeRequest), Object(CakeResponse))
#8 /Users/tbt/Sites/perfectsound.local/app/webroot/index.php(96): Dispatcher->dispatch(Object(CakeRequest), Object(CakeResponse))
#9 {main}
2012-01-30 23:00:19 Error: [MissingTableException] Database table mains for model Mains was not found.
#0 /Users/tbt/Sites/perfectsound.local/lib/Cake/Model/Model.php(3258): Model->setSource('mains')
#1 /Users/tbt/Sites/perfectsound.local/lib/Cake/Model/Datasource/DboSource.php(1026): Model->getDataSource()
#2 /Users/tbt/Sites/perfectsound.local/lib/Cake/Model/Model.php(2483): DboSource->read(Object(Section), Array)
#3 /Users/tbt/Sites/perfectsound.local/app/Controller/SectionsController.php(35): Model->find('first', Array)
#4 [internal function]: SectionsController->view('3')
#5 /Users/tbt/Sites/perfectsound.local/lib/Cake/Controller/Controller.php(473): ReflectionMethod->invokeArgs(Object(SectionsController), Array)
#6 /Users/tbt/Sites/perfectsound.local/lib/Cake/Routing/Dispatcher.php(104): Controller->invokeAction(Object(CakeRequest))
#7 /Users/tbt/Sites/perfectsound.local/lib/Cake/Routing/Dispatcher.php(86): Dispatcher->_invoke(Object(SectionsController), Object(CakeRequest), Object(CakeResponse))
#8 /Users/tbt/Sites/perfectsound.local/app/webroot/index.php(96): Dispatcher->dispatch(Object(CakeRequest), Object(CakeResponse))
#9 {main}
2012-01-30 23:05:57 Error: [MissingTableException] Database table mains for model Mains was not found.
#0 /Users/tbt/Sites/perfectsound.local/lib/Cake/Model/Model.php(3258): Model->setSource('mains')
#1 /Users/tbt/Sites/perfectsound.local/lib/Cake/Model/Datasource/DboSource.php(1026): Model->getDataSource()
#2 /Users/tbt/Sites/perfectsound.local/lib/Cake/Model/Model.php(2483): DboSource->read(Object(Section), Array)
#3 /Users/tbt/Sites/perfectsound.local/app/Controller/SectionsController.php(35): Model->find('first', Array)
#4 [internal function]: SectionsController->view('3')
#5 /Users/tbt/Sites/perfectsound.local/lib/Cake/Controller/Controller.php(473): ReflectionMethod->invokeArgs(Object(SectionsController), Array)
#6 /Users/tbt/Sites/perfectsound.local/lib/Cake/Routing/Dispatcher.php(104): Controller->invokeAction(Object(CakeRequest))
#7 /Users/tbt/Sites/perfectsound.local/lib/Cake/Routing/Dispatcher.php(86): Dispatcher->_invoke(Object(SectionsController), Object(CakeRequest), Object(CakeResponse))
#8 /Users/tbt/Sites/perfectsound.local/app/webroot/index.php(96): Dispatcher->dispatch(Object(CakeRequest), Object(CakeResponse))
#9 {main}
2012-01-30 23:11:36 Error: [PDOException] SQLSTATE[42S22]: Column not found: 1054 Unknown column 'Asset.class' in 'where clause'
#0 /Users/tbt/Sites/perfectsound.local/lib/Cake/Model/Datasource/DboSource.php(436): PDOStatement->execute(Array)
#1 /Users/tbt/Sites/perfectsound.local/lib/Cake/Model/Datasource/DboSource.php(403): DboSource->_execute('SELECT `Mains`....', Array)
#2 /Users/tbt/Sites/perfectsound.local/lib/Cake/Model/Datasource/DboSource.php(647): DboSource->execute('SELECT `Mains`....', Array, Array)
#3 /Users/tbt/Sites/perfectsound.local/lib/Cake/Model/Datasource/DboSource.php(1282): DboSource->fetchAll('SELECT `Mains`....', false)
#4 /Users/tbt/Sites/perfectsound.local/lib/Cake/Model/Datasource/DboSource.php(1150): DboSource->fetchAssociated(Object(Section), 'SELECT `Mains`....', Array)
#5 /Users/tbt/Sites/perfectsound.local/lib/Cake/Model/Datasource/DboSource.php(1069): DboSource->queryAssociation(Object(Section), Object(Asset), 'hasMany', 'Mains', Array, Array, true, Array, 0, Array)
#6 /Users/tbt/Sites/perfectsound.local/lib/Cake/Model/Model.php(2483): DboSource->read(Object(Section), Array)
#7 /Users/tbt/Sites/perfectsound.local/app/Controller/SectionsController.php(35): Model->find('first', Array)
#8 [internal function]: SectionsController->view('3')
#9 /Users/tbt/Sites/perfectsound.local/lib/Cake/Controller/Controller.php(473): ReflectionMethod->invokeArgs(Object(SectionsController), Array)
#10 /Users/tbt/Sites/perfectsound.local/lib/Cake/Routing/Dispatcher.php(104): Controller->invokeAction(Object(CakeRequest))
#11 /Users/tbt/Sites/perfectsound.local/lib/Cake/Routing/Dispatcher.php(86): Dispatcher->_invoke(Object(SectionsController), Object(CakeRequest), Object(CakeResponse))
#12 /Users/tbt/Sites/perfectsound.local/app/webroot/index.php(96): Dispatcher->dispatch(Object(CakeRequest), Object(CakeResponse))
#13 {main}
2012-01-30 23:12:06 Error: [PDOException] SQLSTATE[42S22]: Column not found: 1054 Unknown column 'Asset.class' in 'where clause'
#0 /Users/tbt/Sites/perfectsound.local/lib/Cake/Model/Datasource/DboSource.php(436): PDOStatement->execute(Array)
#1 /Users/tbt/Sites/perfectsound.local/lib/Cake/Model/Datasource/DboSource.php(403): DboSource->_execute('SELECT `Mains`....', Array)
#2 /Users/tbt/Sites/perfectsound.local/lib/Cake/Model/Datasource/DboSource.php(647): DboSource->execute('SELECT `Mains`....', Array, Array)
#3 /Users/tbt/Sites/perfectsound.local/lib/Cake/Model/Datasource/DboSource.php(1282): DboSource->fetchAll('SELECT `Mains`....', false)
#4 /Users/tbt/Sites/perfectsound.local/lib/Cake/Model/Datasource/DboSource.php(1150): DboSource->fetchAssociated(Object(Section), 'SELECT `Mains`....', Array)
#5 /Users/tbt/Sites/perfectsound.local/lib/Cake/Model/Datasource/DboSource.php(1069): DboSource->queryAssociation(Object(Section), Object(Asset), 'hasMany', 'Mains', Array, Array, true, Array, 0, Array)
#6 /Users/tbt/Sites/perfectsound.local/lib/Cake/Model/Model.php(2483): DboSource->read(Object(Section), Array)
#7 /Users/tbt/Sites/perfectsound.local/app/Controller/SectionsController.php(35): Model->find('first', Array)
#8 [internal function]: SectionsController->view('3')
#9 /Users/tbt/Sites/perfectsound.local/lib/Cake/Controller/Controller.php(473): ReflectionMethod->invokeArgs(Object(SectionsController), Array)
#10 /Users/tbt/Sites/perfectsound.local/lib/Cake/Routing/Dispatcher.php(104): Controller->invokeAction(Object(CakeRequest))
#11 /Users/tbt/Sites/perfectsound.local/lib/Cake/Routing/Dispatcher.php(86): Dispatcher->_invoke(Object(SectionsController), Object(CakeRequest), Object(CakeResponse))
#12 /Users/tbt/Sites/perfectsound.local/app/webroot/index.php(96): Dispatcher->dispatch(Object(CakeRequest), Object(CakeResponse))
#13 {main}
2012-01-30 23:12:07 Error: [PDOException] SQLSTATE[42S22]: Column not found: 1054 Unknown column 'Asset.class' in 'where clause'
#0 /Users/tbt/Sites/perfectsound.local/lib/Cake/Model/Datasource/DboSource.php(436): PDOStatement->execute(Array)
#1 /Users/tbt/Sites/perfectsound.local/lib/Cake/Model/Datasource/DboSource.php(403): DboSource->_execute('SELECT `Mains`....', Array)
#2 /Users/tbt/Sites/perfectsound.local/lib/Cake/Model/Datasource/DboSource.php(647): DboSource->execute('SELECT `Mains`....', Array, Array)
#3 /Users/tbt/Sites/perfectsound.local/lib/Cake/Model/Datasource/DboSource.php(1282): DboSource->fetchAll('SELECT `Mains`....', false)
#4 /Users/tbt/Sites/perfectsound.local/lib/Cake/Model/Datasource/DboSource.php(1150): DboSource->fetchAssociated(Object(Section), 'SELECT `Mains`....', Array)
#5 /Users/tbt/Sites/perfectsound.local/lib/Cake/Model/Datasource/DboSource.php(1069): DboSource->queryAssociation(Object(Section), Object(Asset), 'hasMany', 'Mains', Array, Array, true, Array, 0, Array)
#6 /Users/tbt/Sites/perfectsound.local/lib/Cake/Model/Model.php(2483): DboSource->read(Object(Section), Array)
#7 /Users/tbt/Sites/perfectsound.local/app/Controller/SectionsController.php(35): Model->find('first', Array)
#8 [internal function]: SectionsController->view('3')
#9 /Users/tbt/Sites/perfectsound.local/lib/Cake/Controller/Controller.php(473): ReflectionMethod->invokeArgs(Object(SectionsController), Array)
#10 /Users/tbt/Sites/perfectsound.local/lib/Cake/Routing/Dispatcher.php(104): Controller->invokeAction(Object(CakeRequest))
#11 /Users/tbt/Sites/perfectsound.local/lib/Cake/Routing/Dispatcher.php(86): Dispatcher->_invoke(Object(SectionsController), Object(CakeRequest), Object(CakeResponse))
#12 /Users/tbt/Sites/perfectsound.local/app/webroot/index.php(96): Dispatcher->dispatch(Object(CakeRequest), Object(CakeResponse))
#13 {main}
2012-01-30 23:14:16 Error: [PDOException] SQLSTATE[42S22]: Column not found: 1054 Unknown column 'Asset.foreign_id' in 'where clause'
#0 /Users/tbt/Sites/perfectsound.local/lib/Cake/Model/Datasource/DboSource.php(436): PDOStatement->execute(Array)
#1 /Users/tbt/Sites/perfectsound.local/lib/Cake/Model/Datasource/DboSource.php(403): DboSource->_execute('SELECT `Slides`...', Array)
#2 /Users/tbt/Sites/perfectsound.local/lib/Cake/Model/Datasource/DboSource.php(647): DboSource->execute('SELECT `Slides`...', Array, Array)
#3 /Users/tbt/Sites/perfectsound.local/lib/Cake/Model/Datasource/DboSource.php(1040): DboSource->fetchAll('SELECT `Slides`...', false)
#4 /Users/tbt/Sites/perfectsound.local/lib/Cake/Model/Model.php(2483): DboSource->read(Object(Asset), Array)
#5 /Users/tbt/Sites/perfectsound.local/app/Model/Section.php(42): Model->find('first', Array)
#6 /Users/tbt/Sites/perfectsound.local/app/Controller/SectionsController.php(36): Section->getMainImage('3')
#7 [internal function]: SectionsController->view('3')
#8 /Users/tbt/Sites/perfectsound.local/lib/Cake/Controller/Controller.php(473): ReflectionMethod->invokeArgs(Object(SectionsController), Array)
#9 /Users/tbt/Sites/perfectsound.local/lib/Cake/Routing/Dispatcher.php(104): Controller->invokeAction(Object(CakeRequest))
#10 /Users/tbt/Sites/perfectsound.local/lib/Cake/Routing/Dispatcher.php(86): Dispatcher->_invoke(Object(SectionsController), Object(CakeRequest), Object(CakeResponse))
#11 /Users/tbt/Sites/perfectsound.local/app/webroot/index.php(96): Dispatcher->dispatch(Object(CakeRequest), Object(CakeResponse))
#12 {main}
2012-01-30 23:17:37 Error: [PDOException] SQLSTATE[42S22]: Column not found: 1054 Unknown column 'Asset.class' in 'on clause'
#0 /Users/tbt/Sites/perfectsound.local/lib/Cake/Model/Datasource/DboSource.php(436): PDOStatement->execute(Array)
#1 /Users/tbt/Sites/perfectsound.local/lib/Cake/Model/Datasource/DboSource.php(403): DboSource->_execute('SELECT `Section...', Array)
#2 /Users/tbt/Sites/perfectsound.local/lib/Cake/Model/Datasource/DboSource.php(647): DboSource->execute('SELECT `Section...', Array, Array)
#3 /Users/tbt/Sites/perfectsound.local/lib/Cake/Model/Datasource/DboSource.php(1040): DboSource->fetchAll('SELECT `Section...', false)
#4 /Users/tbt/Sites/perfectsound.local/lib/Cake/Model/Model.php(2483): DboSource->read(Object(Section), Array)
#5 /Users/tbt/Sites/perfectsound.local/app/Controller/SectionsController.php(35): Model->find('first', Array)
#6 [internal function]: SectionsController->view('3')
#7 /Users/tbt/Sites/perfectsound.local/lib/Cake/Controller/Controller.php(473): ReflectionMethod->invokeArgs(Object(SectionsController), Array)
#8 /Users/tbt/Sites/perfectsound.local/lib/Cake/Routing/Dispatcher.php(104): Controller->invokeAction(Object(CakeRequest))
#9 /Users/tbt/Sites/perfectsound.local/lib/Cake/Routing/Dispatcher.php(86): Dispatcher->_invoke(Object(SectionsController), Object(CakeRequest), Object(CakeResponse))
#10 /Users/tbt/Sites/perfectsound.local/app/webroot/index.php(96): Dispatcher->dispatch(Object(CakeRequest), Object(CakeResponse))
#11 {main}
2012-01-30 23:18:00 Error: [PDOException] SQLSTATE[42S22]: Column not found: 1054 Unknown column 'Asset.class' in 'on clause'
#0 /Users/tbt/Sites/perfectsound.local/lib/Cake/Model/Datasource/DboSource.php(436): PDOStatement->execute(Array)
#1 /Users/tbt/Sites/perfectsound.local/lib/Cake/Model/Datasource/DboSource.php(403): DboSource->_execute('SELECT `Section...', Array)
#2 /Users/tbt/Sites/perfectsound.local/lib/Cake/Model/Datasource/DboSource.php(647): DboSource->execute('SELECT `Section...', Array, Array)
#3 /Users/tbt/Sites/perfectsound.local/lib/Cake/Model/Datasource/DboSource.php(1040): DboSource->fetchAll('SELECT `Section...', false)
#4 /Users/tbt/Sites/perfectsound.local/lib/Cake/Model/Model.php(2483): DboSource->read(Object(Section), Array)
#5 /Users/tbt/Sites/perfectsound.local/lib/Cake/Model/Model.php(1436): Model->find('first', Array)
#6 /Users/tbt/Sites/perfectsound.local/app/Controller/SectionsController.php(32): Model->read(NULL, '3')
#7 [internal function]: SectionsController->view('3')
#8 /Users/tbt/Sites/perfectsound.local/lib/Cake/Controller/Controller.php(473): ReflectionMethod->invokeArgs(Object(SectionsController), Array)
#9 /Users/tbt/Sites/perfectsound.local/lib/Cake/Routing/Dispatcher.php(104): Controller->invokeAction(Object(CakeRequest))
#10 /Users/tbt/Sites/perfectsound.local/lib/Cake/Routing/Dispatcher.php(86): Dispatcher->_invoke(Object(SectionsController), Object(CakeRequest), Object(CakeResponse))
#11 /Users/tbt/Sites/perfectsound.local/app/webroot/index.php(96): Dispatcher->dispatch(Object(CakeRequest), Object(CakeResponse))
#12 {main}
2012-01-30 23:35:15 Error: [PDOException] SQLSTATE[42S22]: Column not found: 1054 Unknown column 'Array' in 'field list'
#0 /Users/tbt/Sites/perfectsound.local/lib/Cake/Model/Datasource/DboSource.php(436): PDOStatement->execute(Array)
#1 /Users/tbt/Sites/perfectsound.local/lib/Cake/Model/Datasource/DboSource.php(403): DboSource->_execute('INSERT INTO `as...', Array)
#2 /Users/tbt/Sites/perfectsound.local/lib/Cake/Model/Datasource/DboSource.php(967): DboSource->execute('INSERT INTO `as...')
#3 /Users/tbt/Sites/perfectsound.local/lib/Cake/Model/Model.php(1646): DboSource->create(Object(Asset), Array, Array)
#4 /Users/tbt/Sites/perfectsound.local/lib/Cake/Model/Model.php(1955): Model->save(Array, Array)
#5 /Users/tbt/Sites/perfectsound.local/lib/Cake/Model/Model.php(2096): Model->saveMany(Array, Array)
#6 /Users/tbt/Sites/perfectsound.local/lib/Cake/Model/Model.php(1908): Model->saveAssociated(Array, Array)
#7 /Users/tbt/Sites/perfectsound.local/app/Controller/SectionsController.php(44): Model->saveAll(Array)
#8 [internal function]: SectionsController->add()
#9 /Users/tbt/Sites/perfectsound.local/lib/Cake/Controller/Controller.php(473): ReflectionMethod->invokeArgs(Object(SectionsController), Array)
#10 /Users/tbt/Sites/perfectsound.local/lib/Cake/Routing/Dispatcher.php(104): Controller->invokeAction(Object(CakeRequest))
#11 /Users/tbt/Sites/perfectsound.local/lib/Cake/Routing/Dispatcher.php(86): Dispatcher->_invoke(Object(SectionsController), Object(CakeRequest), Object(CakeResponse))
#12 /Users/tbt/Sites/perfectsound.local/app/webroot/index.php(96): Dispatcher->dispatch(Object(CakeRequest), Object(CakeResponse))
#13 {main}
2012-01-30 23:37:56 Error: [PDOException] SQLSTATE[42S22]: Column not found: 1054 Unknown column 'Array' in 'field list'
#0 /Users/tbt/Sites/perfectsound.local/lib/Cake/Model/Datasource/DboSource.php(436): PDOStatement->execute(Array)
#1 /Users/tbt/Sites/perfectsound.local/lib/Cake/Model/Datasource/DboSource.php(403): DboSource->_execute('INSERT INTO `as...', Array)
#2 /Users/tbt/Sites/perfectsound.local/lib/Cake/Model/Datasource/DboSource.php(967): DboSource->execute('INSERT INTO `as...')
#3 /Users/tbt/Sites/perfectsound.local/lib/Cake/Model/Model.php(1646): DboSource->create(Object(Asset), Array, Array)
#4 /Users/tbt/Sites/perfectsound.local/lib/Cake/Model/Model.php(2086): Model->save(Array, Array)
#5 /Users/tbt/Sites/perfectsound.local/lib/Cake/Model/Model.php(1908): Model->saveAssociated(Array, Array)
#6 /Users/tbt/Sites/perfectsound.local/app/Controller/SectionsController.php(44): Model->saveAll(Array)
#7 [internal function]: SectionsController->add()
#8 /Users/tbt/Sites/perfectsound.local/lib/Cake/Controller/Controller.php(473): ReflectionMethod->invokeArgs(Object(SectionsController), Array)
#9 /Users/tbt/Sites/perfectsound.local/lib/Cake/Routing/Dispatcher.php(104): Controller->invokeAction(Object(CakeRequest))
#10 /Users/tbt/Sites/perfectsound.local/lib/Cake/Routing/Dispatcher.php(86): Dispatcher->_invoke(Object(SectionsController), Object(CakeRequest), Object(CakeResponse))
#11 /Users/tbt/Sites/perfectsound.local/app/webroot/index.php(96): Dispatcher->dispatch(Object(CakeRequest), Object(CakeResponse))
#12 {main}
2012-01-30 23:39:19 Error: [PDOException] SQLSTATE[42S22]: Column not found: 1054 Unknown column 'Array' in 'field list'
#0 /Users/tbt/Sites/perfectsound.local/lib/Cake/Model/Datasource/DboSource.php(436): PDOStatement->execute(Array)
#1 /Users/tbt/Sites/perfectsound.local/lib/Cake/Model/Datasource/DboSource.php(403): DboSource->_execute('INSERT INTO `as...', Array)
#2 /Users/tbt/Sites/perfectsound.local/lib/Cake/Model/Datasource/DboSource.php(967): DboSource->execute('INSERT INTO `as...')
#3 /Users/tbt/Sites/perfectsound.local/lib/Cake/Model/Model.php(1646): DboSource->create(Object(Asset), Array, Array)
#4 /Users/tbt/Sites/perfectsound.local/lib/Cake/Model/Model.php(2086): Model->save(Array, Array)
#5 /Users/tbt/Sites/perfectsound.local/lib/Cake/Model/Model.php(1908): Model->saveAssociated(Array, Array)
#6 /Users/tbt/Sites/perfectsound.local/app/Controller/SectionsController.php(44): Model->saveAll(Array)
#7 [internal function]: SectionsController->add()
#8 /Users/tbt/Sites/perfectsound.local/lib/Cake/Controller/Controller.php(473): ReflectionMethod->invokeArgs(Object(SectionsController), Array)
#9 /Users/tbt/Sites/perfectsound.local/lib/Cake/Routing/Dispatcher.php(104): Controller->invokeAction(Object(CakeRequest))
#10 /Users/tbt/Sites/perfectsound.local/lib/Cake/Routing/Dispatcher.php(86): Dispatcher->_invoke(Object(SectionsController), Object(CakeRequest), Object(CakeResponse))
#11 /Users/tbt/Sites/perfectsound.local/app/webroot/index.php(96): Dispatcher->dispatch(Object(CakeRequest), Object(CakeResponse))
#12 {main}
2012-01-30 23:40:13 Error: [PDOException] SQLSTATE[42S22]: Column not found: 1054 Unknown column 'Array' in 'field list'
#0 /Users/tbt/Sites/perfectsound.local/lib/Cake/Model/Datasource/DboSource.php(436): PDOStatement->execute(Array)
#1 /Users/tbt/Sites/perfectsound.local/lib/Cake/Model/Datasource/DboSource.php(403): DboSource->_execute('INSERT INTO `as...', Array)
#2 /Users/tbt/Sites/perfectsound.local/lib/Cake/Model/Datasource/DboSource.php(967): DboSource->execute('INSERT INTO `as...')
#3 /Users/tbt/Sites/perfectsound.local/lib/Cake/Model/Model.php(1646): DboSource->create(Object(Asset), Array, Array)
#4 /Users/tbt/Sites/perfectsound.local/lib/Cake/Model/Model.php(2086): Model->save(Array, Array)
#5 /Users/tbt/Sites/perfectsound.local/lib/Cake/Model/Model.php(1908): Model->saveAssociated(Array, Array)
#6 /Users/tbt/Sites/perfectsound.local/app/Controller/SectionsController.php(44): Model->saveAll(Array)
#7 [internal function]: SectionsController->add()
#8 /Users/tbt/Sites/perfectsound.local/lib/Cake/Controller/Controller.php(473): ReflectionMethod->invokeArgs(Object(SectionsController), Array)
#9 /Users/tbt/Sites/perfectsound.local/lib/Cake/Routing/Dispatcher.php(104): Controller->invokeAction(Object(CakeRequest))
#10 /Users/tbt/Sites/perfectsound.local/lib/Cake/Routing/Dispatcher.php(86): Dispatcher->_invoke(Object(SectionsController), Object(CakeRequest), Object(CakeResponse))
#11 /Users/tbt/Sites/perfectsound.local/app/webroot/index.php(96): Dispatcher->dispatch(Object(CakeRequest), Object(CakeResponse))
#12 {main}
2012-01-30 23:44:49 Error: [MissingTableException] Database table main_images for model MainImage was not found.
#0 /Users/tbt/Sites/perfectsound.local/lib/Cake/Model/Model.php(3258): Model->setSource('main_images')
#1 /Users/tbt/Sites/perfectsound.local/lib/Cake/Model/Model.php(1223): Model->getDataSource()
#2 /Users/tbt/Sites/perfectsound.local/lib/Cake/Model/Model.php(1309): Model->schema()
#3 /Users/tbt/Sites/perfectsound.local/app/Model/Behavior/meio_upload.php(207): Model->hasField('filename')
#4 /Users/tbt/Sites/perfectsound.local/lib/Cake/Model/BehaviorCollection.php(144): MeioUploadBehavior->setup(Object(MainImage), Array)
#5 /Users/tbt/Sites/perfectsound.local/lib/Cake/Model/BehaviorCollection.php(67): BehaviorCollection->load('MeioUpload', Array)
#6 /Users/tbt/Sites/perfectsound.local/lib/Cake/Model/Model.php(704): BehaviorCollection->init('MainImage', Array)
#7 [internal function]: Model->__construct(Array)
#8 /Users/tbt/Sites/perfectsound.local/lib/Cake/Utility/ClassRegistry.php(141): ReflectionClass->newInstance(Array)
#9 /Users/tbt/Sites/perfectsound.local/lib/Cake/View/Helper/FormHelper.php(153): ClassRegistry::init('MainImage', true)
#10 /Users/tbt/Sites/perfectsound.local/lib/Cake/View/Helper/FormHelper.php(186): FormHelper->_getModel('MainImage')
#11 /Users/tbt/Sites/perfectsound.local/lib/Cake/View/Helper/FormHelper.php(1046): FormHelper->_introspectModel('MainImage', 'validates', 'filename')
#12 /Users/tbt/Sites/perfectsound.local/app/View/Sections/add.ctp(9): FormHelper->input('MainImage.filen...', Array)
#13 /Users/tbt/Sites/perfectsound.local/lib/Cake/View/View.php(595): include('/Users/tbt/Site...')
#14 /Users/tbt/Sites/perfectsound.local/lib/Cake/View/View.php(362): View->_render('/Users/tbt/Site...')
#15 /Users/tbt/Sites/perfectsound.local/lib/Cake/Controller/Controller.php(900): View->render(NULL, NULL)
#16 /Users/tbt/Sites/perfectsound.local/lib/Cake/Routing/Dispatcher.php(111): Controller->render()
#17 /Users/tbt/Sites/perfectsound.local/lib/Cake/Routing/Dispatcher.php(86): Dispatcher->_invoke(Object(SectionsController), Object(CakeRequest), Object(CakeResponse))
#18 /Users/tbt/Sites/perfectsound.local/app/webroot/index.php(96): Dispatcher->dispatch(Object(CakeRequest), Object(CakeResponse))
#19 {main}
2012-01-30 23:46:50 Error: [PDOException] SQLSTATE[42S22]: Column not found: 1054 Unknown column 'Array' in 'field list'
#0 /Users/tbt/Sites/perfectsound.local/lib/Cake/Model/Datasource/DboSource.php(436): PDOStatement->execute(Array)
#1 /Users/tbt/Sites/perfectsound.local/lib/Cake/Model/Datasource/DboSource.php(403): DboSource->_execute('INSERT INTO `as...', Array)
#2 /Users/tbt/Sites/perfectsound.local/lib/Cake/Model/Datasource/DboSource.php(967): DboSource->execute('INSERT INTO `as...')
#3 /Users/tbt/Sites/perfectsound.local/lib/Cake/Model/Model.php(1646): DboSource->create(Object(Asset), Array, Array)
#4 /Users/tbt/Sites/perfectsound.local/lib/Cake/Model/Model.php(2086): Model->save(Array, Array)
#5 /Users/tbt/Sites/perfectsound.local/lib/Cake/Model/Model.php(1908): Model->saveAssociated(Array, Array)
#6 /Users/tbt/Sites/perfectsound.local/app/Controller/SectionsController.php(44): Model->saveAll(Array)
#7 [internal function]: SectionsController->add()
#8 /Users/tbt/Sites/perfectsound.local/lib/Cake/Controller/Controller.php(473): ReflectionMethod->invokeArgs(Object(SectionsController), Array)
#9 /Users/tbt/Sites/perfectsound.local/lib/Cake/Routing/Dispatcher.php(104): Controller->invokeAction(Object(CakeRequest))
#10 /Users/tbt/Sites/perfectsound.local/lib/Cake/Routing/Dispatcher.php(86): Dispatcher->_invoke(Object(SectionsController), Object(CakeRequest), Object(CakeResponse))
#11 /Users/tbt/Sites/perfectsound.local/app/webroot/index.php(96): Dispatcher->dispatch(Object(CakeRequest), Object(CakeResponse))
#12 {main}
2012-01-31 00:02:27 Error: [PDOException] SQLSTATE[42S22]: Column not found: 1054 Unknown column 'Array' in 'field list'
#0 /Users/tbt/Sites/perfectsound.local/lib/Cake/Model/Datasource/DboSource.php(436): PDOStatement->execute(Array)
#1 /Users/tbt/Sites/perfectsound.local/lib/Cake/Model/Datasource/DboSource.php(403): DboSource->_execute('INSERT INTO `as...', Array)
#2 /Users/tbt/Sites/perfectsound.local/lib/Cake/Model/Datasource/DboSource.php(967): DboSource->execute('INSERT INTO `as...')
#3 /Users/tbt/Sites/perfectsound.local/lib/Cake/Model/Model.php(1646): DboSource->create(Object(Asset), Array, Array)
#4 /Users/tbt/Sites/perfectsound.local/lib/Cake/Model/Model.php(2086): Model->save(Array, Array)
#5 /Users/tbt/Sites/perfectsound.local/lib/Cake/Model/Model.php(1908): Model->saveAssociated(Array, Array)
#6 /Users/tbt/Sites/perfectsound.local/app/Controller/SectionsController.php(44): Model->saveAll(Array)
#7 [internal function]: SectionsController->add()
#8 /Users/tbt/Sites/perfectsound.local/lib/Cake/Controller/Controller.php(473): ReflectionMethod->invokeArgs(Object(SectionsController), Array)
#9 /Users/tbt/Sites/perfectsound.local/lib/Cake/Routing/Dispatcher.php(104): Controller->invokeAction(Object(CakeRequest))
#10 /Users/tbt/Sites/perfectsound.local/lib/Cake/Routing/Dispatcher.php(86): Dispatcher->_invoke(Object(SectionsController), Object(CakeRequest), Object(CakeResponse))
#11 /Users/tbt/Sites/perfectsound.local/app/webroot/index.php(96): Dispatcher->dispatch(Object(CakeRequest), Object(CakeResponse))
#12 {main}
2012-01-31 00:03:15 Error: [PDOException] SQLSTATE[42S22]: Column not found: 1054 Unknown column 'Array' in 'field list'
#0 /Users/tbt/Sites/perfectsound.local/lib/Cake/Model/Datasource/DboSource.php(436): PDOStatement->execute(Array)
#1 /Users/tbt/Sites/perfectsound.local/lib/Cake/Model/Datasource/DboSource.php(403): DboSource->_execute('INSERT INTO `as...', Array)
#2 /Users/tbt/Sites/perfectsound.local/lib/Cake/Model/Datasource/DboSource.php(967): DboSource->execute('INSERT INTO `as...')
#3 /Users/tbt/Sites/perfectsound.local/lib/Cake/Model/Model.php(1646): DboSource->create(Object(Asset), Array, Array)
#4 /Users/tbt/Sites/perfectsound.local/lib/Cake/Model/Model.php(1955): Model->save(Array, Array)
#5 /Users/tbt/Sites/perfectsound.local/lib/Cake/Model/Model.php(2096): Model->saveMany(Array, Array)
#6 /Users/tbt/Sites/perfectsound.local/lib/Cake/Model/Model.php(1908): Model->saveAssociated(Array, Array)
#7 /Users/tbt/Sites/perfectsound.local/app/Controller/SectionsController.php(44): Model->saveAll(Array)
#8 [internal function]: SectionsController->add()
#9 /Users/tbt/Sites/perfectsound.local/lib/Cake/Controller/Controller.php(473): ReflectionMethod->invokeArgs(Object(SectionsController), Array)
#10 /Users/tbt/Sites/perfectsound.local/lib/Cake/Routing/Dispatcher.php(104): Controller->invokeAction(Object(CakeRequest))
#11 /Users/tbt/Sites/perfectsound.local/lib/Cake/Routing/Dispatcher.php(86): Dispatcher->_invoke(Object(SectionsController), Object(CakeRequest), Object(CakeResponse))
#12 /Users/tbt/Sites/perfectsound.local/app/webroot/index.php(96): Dispatcher->dispatch(Object(CakeRequest), Object(CakeResponse))
#13 {main}
2012-01-31 00:08:35 Error: [MissingPluginException] Plugin MeioUpload could not be found.
#0 /Users/tbt/Sites/perfectsound.local/lib/Cake/Core/App.php(332): CakePlugin::path('MeioUpload')
#1 /Users/tbt/Sites/perfectsound.local/lib/Cake/Core/App.php(217): App::pluginPath('MeioUpload')
#2 /Users/tbt/Sites/perfectsound.local/lib/Cake/Core/App.php(510): App::path('Model/Behavior', 'MeioUpload')
#3 [internal function]: App::load('MeioUploadBehav...')
#4 [internal function]: spl_autoload_call('MeioUploadBehav...')
#5 /Users/tbt/Sites/perfectsound.local/lib/Cake/Model/BehaviorCollection.php(117): class_exists('MeioUploadBehav...')
#6 /Users/tbt/Sites/perfectsound.local/lib/Cake/Model/BehaviorCollection.php(67): BehaviorCollection->load('MeioUpload.Meio...', Array)
#7 /Users/tbt/Sites/perfectsound.local/lib/Cake/Model/Model.php(704): BehaviorCollection->init('MainImage', Array)
#8 [internal function]: Model->__construct(Array)
#9 /Users/tbt/Sites/perfectsound.local/lib/Cake/Utility/ClassRegistry.php(141): ReflectionClass->newInstance(Array)
#10 /Users/tbt/Sites/perfectsound.local/lib/Cake/Model/Model.php(954): ClassRegistry::init(Array)
#11 /Users/tbt/Sites/perfectsound.local/lib/Cake/Model/Model.php(779): Model->_constructLinkedModel('MainImage', 'Asset', NULL)
#12 /Users/tbt/Sites/perfectsound.local/lib/Cake/Model/Model.php(809): Model->__isset('MainImage')
#13 /Users/tbt/Sites/perfectsound.local/lib/Cake/Model/Model.php(2154): Model->__get('MainImage')
#14 /Users/tbt/Sites/perfectsound.local/lib/Cake/Model/Model.php(2048): Model->validateAssociated(Array, Array)
#15 /Users/tbt/Sites/perfectsound.local/lib/Cake/Model/Model.php(1908): Model->saveAssociated(Array, Array)
#16 /Users/tbt/Sites/perfectsound.local/app/Controller/SectionsController.php(44): Model->saveAll(Array)
#17 [internal function]: SectionsController->add()
#18 /Users/tbt/Sites/perfectsound.local/lib/Cake/Controller/Controller.php(473): ReflectionMethod->invokeArgs(Object(SectionsController), Array)
#19 /Users/tbt/Sites/perfectsound.local/lib/Cake/Routing/Dispatcher.php(104): Controller->invokeAction(Object(CakeRequest))
#20 /Users/tbt/Sites/perfectsound.local/lib/Cake/Routing/Dispatcher.php(86): Dispatcher->_invoke(Object(SectionsController), Object(CakeRequest), Object(CakeResponse))
#21 /Users/tbt/Sites/perfectsound.local/app/webroot/index.php(96): Dispatcher->dispatch(Object(CakeRequest), Object(CakeResponse))
#22 {main}
2012-02-04 17:36:58 Error: [MissingControllerException] Controller class AdminController could not be found.
#0 /Users/tbt/Sites/perfectsound.local/app/webroot/index.php(96): Dispatcher->dispatch(Object(CakeRequest), Object(CakeResponse))
#1 {main}
2012-02-04 17:37:21 Error: [MissingViewException] View file "/Users/tbt/Sites/perfectsound.local/app/View/News/index.ctp" is missing.
#0 /Users/tbt/Sites/perfectsound.local/lib/Cake/View/View.php(360): View->_getViewFileName(NULL)
#1 /Users/tbt/Sites/perfectsound.local/lib/Cake/Controller/Controller.php(900): View->render(NULL, NULL)
#2 /Users/tbt/Sites/perfectsound.local/lib/Cake/Routing/Dispatcher.php(111): Controller->render()
#3 /Users/tbt/Sites/perfectsound.local/lib/Cake/Routing/Dispatcher.php(86): Dispatcher->_invoke(Object(NewsController), Object(CakeRequest), Object(CakeResponse))
#4 /Users/tbt/Sites/perfectsound.local/app/webroot/index.php(96): Dispatcher->dispatch(Object(CakeRequest), Object(CakeResponse))
#5 {main}
2012-02-04 17:44:59 Error: [MissingViewException] View file "/Users/tbt/Sites/perfectsound.local/app/View/News/add.ctp" is missing.
#0 /Users/tbt/Sites/perfectsound.local/lib/Cake/View/View.php(360): View->_getViewFileName(NULL)
#1 /Users/tbt/Sites/perfectsound.local/lib/Cake/Controller/Controller.php(900): View->render(NULL, NULL)
#2 /Users/tbt/Sites/perfectsound.local/lib/Cake/Routing/Dispatcher.php(111): Controller->render()
#3 /Users/tbt/Sites/perfectsound.local/lib/Cake/Routing/Dispatcher.php(86): Dispatcher->_invoke(Object(NewsController), Object(CakeRequest), Object(CakeResponse))
#4 /Users/tbt/Sites/perfectsound.local/app/webroot/index.php(96): Dispatcher->dispatch(Object(CakeRequest), Object(CakeResponse))
#5 {main}
2012-02-04 17:47:40 Error: [PDOException] SQLSTATE[42S22]: Column not found: 1054 Unknown column 'Slides.class' in 'where clause'
#0 /Users/tbt/Sites/perfectsound.local/lib/Cake/Model/Datasource/DboSource.php(436): PDOStatement->execute(Array)
#1 /Users/tbt/Sites/perfectsound.local/lib/Cake/Model/Datasource/DboSource.php(403): DboSource->_execute('SELECT `Images`...', Array)
#2 /Users/tbt/Sites/perfectsound.local/lib/Cake/Model/Datasource/DboSource.php(647): DboSource->execute('SELECT `Images`...', Array, Array)
#3 /Users/tbt/Sites/perfectsound.local/lib/Cake/Model/Datasource/DboSource.php(1282): DboSource->fetchAll('SELECT `Images`...', false)
#4 /Users/tbt/Sites/perfectsound.local/lib/Cake/Model/Datasource/DboSource.php(1150): DboSource->fetchAssociated(Object(News), 'SELECT `Images`...', Array)
#5 /Users/tbt/Sites/perfectsound.local/lib/Cake/Model/Datasource/DboSource.php(1069): DboSource->queryAssociation(Object(News), Object(Asset), 'hasMany', 'Images', Array, Array, true, Array, 0, Array)
#6 /Users/tbt/Sites/perfectsound.local/lib/Cake/Model/Model.php(2483): DboSource->read(Object(News), Array)
#7 /Users/tbt/Sites/perfectsound.local/lib/Cake/Model/Model.php(1436): Model->find('first', Array)
#8 /Users/tbt/Sites/perfectsound.local/app/Controller/NewsController.php(32): Model->read(NULL, '1')
#9 [internal function]: NewsController->view('1')
#10 /Users/tbt/Sites/perfectsound.local/lib/Cake/Controller/Controller.php(473): ReflectionMethod->invokeArgs(Object(NewsController), Array)
#11 /Users/tbt/Sites/perfectsound.local/lib/Cake/Routing/Dispatcher.php(104): Controller->invokeAction(Object(CakeRequest))
#12 /Users/tbt/Sites/perfectsound.local/lib/Cake/Routing/Dispatcher.php(86): Dispatcher->_invoke(Object(NewsController), Object(CakeRequest), Object(CakeResponse))
#13 /Users/tbt/Sites/perfectsound.local/app/webroot/index.php(96): Dispatcher->dispatch(Object(CakeRequest), Object(CakeResponse))
#14 {main}
2012-02-04 17:48:07 Error: [PDOException] SQLSTATE[42S22]: Column not found: 1054 Unknown column 'Slides.class' in 'where clause'
#0 /Users/tbt/Sites/perfectsound.local/lib/Cake/Model/Datasource/DboSource.php(436): PDOStatement->execute(Array)
#1 /Users/tbt/Sites/perfectsound.local/lib/Cake/Model/Datasource/DboSource.php(403): DboSource->_execute('SELECT `Images`...', Array)
#2 /Users/tbt/Sites/perfectsound.local/lib/Cake/Model/Datasource/DboSource.php(647): DboSource->execute('SELECT `Images`...', Array, Array)
#3 /Users/tbt/Sites/perfectsound.local/lib/Cake/Model/Datasource/DboSource.php(1282): DboSource->fetchAll('SELECT `Images`...', false)
#4 /Users/tbt/Sites/perfectsound.local/lib/Cake/Model/Datasource/DboSource.php(1150): DboSource->fetchAssociated(Object(News), 'SELECT `Images`...', Array)
#5 /Users/tbt/Sites/perfectsound.local/lib/Cake/Model/Datasource/DboSource.php(1069): DboSource->queryAssociation(Object(News), Object(Asset), 'hasMany', 'Images', Array, Array, true, Array, 0, Array)
#6 /Users/tbt/Sites/perfectsound.local/lib/Cake/Model/Model.php(2483): DboSource->read(Object(News), Array)
#7 /Users/tbt/Sites/perfectsound.local/lib/Cake/Model/Model.php(1436): Model->find('first', Array)
#8 /Users/tbt/Sites/perfectsound.local/app/Controller/NewsController.php(32): Model->read(NULL, '1')
#9 [internal function]: NewsController->view('1')
#10 /Users/tbt/Sites/perfectsound.local/lib/Cake/Controller/Controller.php(473): ReflectionMethod->invokeArgs(Object(NewsController), Array)
#11 /Users/tbt/Sites/perfectsound.local/lib/Cake/Routing/Dispatcher.php(104): Controller->invokeAction(Object(CakeRequest))
#12 /Users/tbt/Sites/perfectsound.local/lib/Cake/Routing/Dispatcher.php(86): Dispatcher->_invoke(Object(NewsController), Object(CakeRequest), Object(CakeResponse))
#13 /Users/tbt/Sites/perfectsound.local/app/webroot/index.php(96): Dispatcher->dispatch(Object(CakeRequest), Object(CakeResponse))
#14 {main}
2012-02-04 18:23:38 Error: [MissingHelperException] Helper class BlogImageHelper could not be found.
#0 /Users/tbt/Sites/perfectsound.local/lib/Cake/View/View.php(574): HelperCollection->load('BlogImage', Array)
#1 /Users/tbt/Sites/perfectsound.local/lib/Cake/View/View.php(356): View->loadHelpers()
#2 /Users/tbt/Sites/perfectsound.local/lib/Cake/Controller/Controller.php(900): View->render(NULL, NULL)
#3 /Users/tbt/Sites/perfectsound.local/lib/Cake/Routing/Dispatcher.php(111): Controller->render()
#4 /Users/tbt/Sites/perfectsound.local/lib/Cake/Routing/Dispatcher.php(86): Dispatcher->_invoke(Object(NewsController), Object(CakeRequest), Object(CakeResponse))
#5 /Users/tbt/Sites/perfectsound.local/app/webroot/index.php(96): Dispatcher->dispatch(Object(CakeRequest), Object(CakeResponse))
#6 {main}
2012-02-04 18:25:14 Error: [MissingActionException] Action NewsController::edt() could not be found.
#0 /Users/tbt/Sites/perfectsound.local/lib/Cake/Routing/Dispatcher.php(104): Controller->invokeAction(Object(CakeRequest))
#1 /Users/tbt/Sites/perfectsound.local/lib/Cake/Routing/Dispatcher.php(86): Dispatcher->_invoke(Object(NewsController), Object(CakeRequest), Object(CakeResponse))
#2 /Users/tbt/Sites/perfectsound.local/app/webroot/index.php(96): Dispatcher->dispatch(Object(CakeRequest), Object(CakeResponse))
#3 {main}
2012-02-04 18:38:17 Error: [MissingControllerException] Controller class ImgController could not be found.
#0 /Users/tbt/Sites/perfectsound.local/app/webroot/index.php(96): Dispatcher->dispatch(Object(CakeRequest), Object(CakeResponse))
#1 {main}
2012-02-04 18:38:50 Error: [MissingControllerException] Controller class ImgController could not be found.
#0 /Users/tbt/Sites/perfectsound.local/app/webroot/index.php(96): Dispatcher->dispatch(Object(CakeRequest), Object(CakeResponse))
#1 {main}
